<?xml version="1.0" encoding="UTF-8"?>
<testsuite name="LoginTest" tests="1" skipped="0" failures="0" errors="0" timestamp="2019-10-02T11:32:01" hostname="LAPTOP-IO1JFVSD" time="2.874">
  <properties/>
  <testcase name="loginTest" classname="LoginTest" time="2.874"/>
  <system-out><![CDATA[]]></system-out>
  <system-err><![CDATA[]]></system-err>
</testsuite>
