<?xml version="1.0" encoding="UTF-8"?>
<testsuite name="SearchTests" tests="2" skipped="0" failures="0" errors="0" timestamp="2019-10-02T11:32:04" hostname="LAPTOP-IO1JFVSD" time="2.655">
  <properties/>
  <testcase name="searchWikiTestQA" classname="SearchTests" time="1.073"/>
  <testcase name="searchWikiTestJava" classname="SearchTests" time="1.581"/>
  <system-out><![CDATA[]]></system-out>
  <system-err><![CDATA[]]></system-err>
</testsuite>
